INFO:__main__:Application module loading
INFO:app:Flask app initialized with config: unknown
INFO:app:Starting Mortgage Calculator version 1.9.1 (last updated: 2025-03-21)
INFO:calculator:Initializing MortgageCalculator
INFO:config_manager:Loading mortgage config from: /Users/tinosheridan/Documents/Python/MortgageCalc/config/mortgage_config.json
INFO:config_manager:Loaded mortgage configuration
INFO:config_manager:Loading PMI rates from: /Users/tinosheridan/Documents/Python/MortgageCalc/config/pmi_rates.json
INFO:config_manager:Loaded PMI rates
INFO:config_manager:Loading closing costs from: /Users/tinosheridan/Documents/Python/MortgageCalc/config/closing_costs.json
INFO:config_manager:Loaded closing costs
INFO:config_manager:Loading county rates from: /Users/tinosheridan/Documents/Python/MortgageCalc/config/county_rates.json
INFO:config_manager:Loaded county rates
INFO:config_manager:Loading compliance text from: /Users/tinosheridan/Documents/Python/MortgageCalc/config/compliance_text.json
INFO:config_manager:Loaded compliance text
INFO:config_manager:Loading output templates from: /Users/tinosheridan/Documents/Python/MortgageCalc/config/output_templates.json
INFO:config_manager:Loaded output templates
INFO:calculator:Loaded configuration
INFO:config_manager:Loading mortgage config from: /Users/tinosheridan/Documents/Python/MortgageCalc/config/mortgage_config.json
INFO:config_manager:Loaded mortgage configuration
INFO:config_manager:Loading PMI rates from: /Users/tinosheridan/Documents/Python/MortgageCalc/config/pmi_rates.json
INFO:config_manager:Loaded PMI rates
INFO:config_manager:Loading closing costs from: /Users/tinosheridan/Documents/Python/MortgageCalc/config/closing_costs.json
INFO:config_manager:Loaded closing costs
INFO:config_manager:Loading county rates from: /Users/tinosheridan/Documents/Python/MortgageCalc/config/county_rates.json
INFO:config_manager:Loaded county rates
INFO:config_manager:Loading compliance text from: /Users/tinosheridan/Documents/Python/MortgageCalc/config/compliance_text.json
INFO:config_manager:Loaded compliance text
INFO:config_manager:Loading output templates from: /Users/tinosheridan/Documents/Python/MortgageCalc/config/output_templates.json
INFO:config_manager:Loaded output templates
INFO:config_manager:Loading mortgage config from: /Users/tinosheridan/Documents/Python/MortgageCalc/config/mortgage_config.json
INFO:config_manager:Loaded mortgage configuration
INFO:config_manager:Loading PMI rates from: /Users/tinosheridan/Documents/Python/MortgageCalc/config/pmi_rates.json
INFO:config_manager:Loaded PMI rates
INFO:config_manager:Loading closing costs from: /Users/tinosheridan/Documents/Python/MortgageCalc/config/closing_costs.json
INFO:config_manager:Loaded closing costs
INFO:config_manager:Loading county rates from: /Users/tinosheridan/Documents/Python/MortgageCalc/config/county_rates.json
INFO:config_manager:Loaded county rates
INFO:config_manager:Loading compliance text from: /Users/tinosheridan/Documents/Python/MortgageCalc/config/compliance_text.json
INFO:config_manager:Loaded compliance text
INFO:config_manager:Loading output templates from: /Users/tinosheridan/Documents/Python/MortgageCalc/config/output_templates.json
INFO:config_manager:Loaded output templates
